=========================
Fcitx 5.0.11 -- Get Signal No.: 11
Date: try "date -d @1642489354" if you are using GNU date ***
ProcessID: 1345
/usr/bin/fcitx5(+0xbc54)[0x561f9eb18c54]
/usr/lib/libc.so.6(+0x3cda0)[0x7fe32831cda0]
/usr/lib/fcitx5/libxim.so(+0x956f)[0x7fe326b8756f]
/usr/lib/libFcitx5Core.so.7(_ZNK5fcitx8Instance9postEventERNS_5EventE+0x324)[0x7fe32882d904]
/usr/lib/libFcitx5Core.so.7(_ZN5fcitx12InputContext19updateUserInterfaceENS_22UserInterfaceComponentEb+0x8e)[0x7fe328858e9e]
/usr/lib/libFcitx5Core.so.7(_ZN5fcitx8Instance21deactivateInputMethodERNS_17InputContextEventE+0x5db)[0x7fe32882e50b]
/usr/lib/libFcitx5Core.so.7(_ZNK5fcitx8Instance9postEventERNS_5EventE+0x324)[0x7fe32882d904]
/usr/lib/libFcitx5Core.so.7(_ZN5fcitx12InputContext11setHasFocusEb+0xb0)[0x7fe3288587b0]
/usr/lib/libFcitx5Core.so.7(_ZN5fcitx10FocusGroup22setFocusedInputContextEPNS_12InputContextE+0xa8)[0x7fe328857958]
/usr/lib/fcitx5/libxim.so(+0x7280)[0x7fe326b85280]
/usr/lib/libxcb-imdkit.so.1(+0xfd53)[0x7fe326517d53]
/usr/lib/libxcb-imdkit.so.1(+0xc270)[0x7fe326514270]
/usr/lib/libxcb-imdkit.so.1(xcb_im_filter_event+0x3d)[0x7fe326514c0d]
/usr/lib/fcitx5/libxim.so(+0x9408)[0x7fe326b87408]
/usr/lib/fcitx5/libxcb.so(+0x1248b)[0x7fe3276d648b]
/usr/lib/libFcitx5Utils.so.2(+0x4bb57)[0x7fe32876db57]
/usr/lib/libFcitx5Utils.so.2(+0x4b55c)[0x7fe32876d55c]
/usr/lib/libFcitx5Utils.so.2(+0x4388f)[0x7fe32876588f]
/usr/lib/libsystemd.so.0(+0x7a04b)[0x7fe32820204b]
/usr/lib/libsystemd.so.0(sd_event_dispatch+0x13e)[0x7fe32820224e]
/usr/lib/libsystemd.so.0(sd_event_run+0x119)[0x7fe328204f59]
/usr/lib/libsystemd.so.0(sd_event_loop+0x60)[0x7fe328205130]
/usr/lib/libFcitx5Utils.so.2(_ZN5fcitx9EventLoop4execEv+0x12)[0x7fe328765962]
/usr/lib/libFcitx5Core.so.7(_ZN5fcitx8Instance4execEv+0x57)[0x7fe3288349b7]
/usr/bin/fcitx5(+0xaaa2)[0x561f9eb17aa2]
/usr/lib/libc.so.6(__libc_start_main+0xd5)[0x7fe328307b25]
/usr/bin/fcitx5(+0xae9e)[0x561f9eb17e9e]
